<?xml version="1.0" encoding="UTF-8"?>
<!-- Generated by org.testng.reporters.JUnitReportReporter -->
<testsuite hostname="Gopi" failures="0" tests="1" name="com.selenium.testcases.DashboardPage" time="9.579" errors="0" timestamp="2023-04-05T17:34:12 IST" skipped="0">
  <testcase classname="com.selenium.testcases.DashboardPage" name="timeatWorkSection" time="9.579"/>
  <system-out/>
</testsuite> <!-- com.selenium.testcases.DashboardPage -->
