<?xml version="1.0" encoding="UTF-8"?>
<!-- Generated by org.testng.reporters.JUnitReportReporter -->
<testsuite hostname="Gopi" failures="0" tests="3" name="com.selenium.testcases.LoginPageTest" time="18.440" errors="0" timestamp="2023-04-05T15:50:06 IST" skipped="0">
  <testcase classname="com.selenium.testcases.LoginPageTest" name="forgotPasswordLinkDisplayed" time="5.093"/>
  <system-out/>
  <testcase classname="com.selenium.testcases.LoginPageTest" name="validLoginPageTest" time="8.729"/>
  <system-out/>
  <testcase classname="com.selenium.testcases.LoginPageTest" name="validTitleTest" time="4.618"/>
  <system-out/>
</testsuite> <!-- com.selenium.testcases.LoginPageTest -->
